Arguments: 
  /usr/local/bin/node /usr/local/bin/yarn seed

PATH: 
  /usr/local/bin:/usr/bin:/bin:/usr/sbin:/sbin

Yarn version: 
  1.5.1

Node version: 
  8.9.4

Platform: 
  darwin x64

npm manifest: 
  {
    "name": "personal-portfolio",
    "version": "1.0.0",
    "description": "",
    "main": "server.js",
    "scripts": {
      "server": "node server.js",
      "client": "node scripts/start-client.js",
      "start": "concurrently \"nodemon server.js\" \"npm run client\"",
      "build": "node scripts/build.js",
      "seed": "concurrently \"node scripts/seedAbout.js\" \"node scripts/seedContact.js\" \"node scripts/seedPortfolio.js\"",
      "test": "echo \"Error: no test specified\" && exit 1",
      "installDeps": "yarn && cd client && yarn"
    },
    "repository": {
      "type": "git",
      "url": "git+https://github.com/kovacicmichael/Personal-Portfolio.git"
    },
    "author": "Michael, Robert",
    "license": "ISC",
    "bugs": {
      "url": "https://github.com/kovacicmichael/Personal-Portfolio/issues"
    },
    "homepage": "https://github.com/kovacicmichael/Personal-Portfolio#readme",
    "dependencies": {
      "body-parser": "^1.18.2",
      "clipboard": "^2.0.0",
      "concurrently": "^3.5.1",
      "create-react-app": "^1.5.2",
      "dotenv": "^5.0.1",
      "express": "^4.16.3",
      "firebase": "^4.12.1",
      "mailgun-js": "^0.16.0",
      "mongoose": "^5.0.12",
      "morgan": "^1.9.0",
      "nodemon": "^1.17.3",
      "react-router-dom": "^4.2.2",
      "react-scripts": "1.1.1",
      "scroll-to-element": "^2.0.0"
    }
  }

yarn manifest: 
  No manifest

Lockfile: 
  No lockfile

Trace: 
  Error: Command failed.
  Exit code: 1
  Command: sh
  Arguments: -c concurrently "node scripts/seedAbout.js" "node scripts/seedContact.js" "node scripts/seedPortfolio.js"
  Directory: /Users/michaelkovacic/Desktop/Projects/React-Portfolio
  Output:
  
      at ProcessTermError.MessageError (/usr/local/lib/node_modules/yarn/lib/cli.js:186:110)
      at new ProcessTermError (/usr/local/lib/node_modules/yarn/lib/cli.js:226:113)
      at ChildProcess.<anonymous> (/usr/local/lib/node_modules/yarn/lib/cli.js:30281:17)
      at emitTwo (events.js:126:13)
      at ChildProcess.emit (events.js:214:7)
      at maybeClose (internal/child_process.js:925:16)
      at Process.ChildProcess._handle.onexit (internal/child_process.js:209:5)
